TN:
SF:src\ErrorBoundary.tsx
FN:14,(anonymous_0)
FN:23,(anonymous_1)
FN:27,(anonymous_2)
FN:35,(anonymous_3)
FN:39,(anonymous_4)
FNF:5
FNH:4
FNDA:4,(anonymous_0)
FNDA:2,(anonymous_1)
FNDA:1,(anonymous_2)
FNDA:0,(anonymous_3)
FNDA:6,(anonymous_4)
DA:1,2
DA:15,4
DA:16,3
DA:24,2
DA:28,1
DA:32,1
DA:35,3
DA:36,0
DA:40,6
DA:41,3
DA:49,3
DA:53,2
LF:12
LH:11
BRDA:40,0,0,3
BRF:1
BRH:1
end_of_record
TN:
SF:src\components\Pagination.tsx
FN:11,(anonymous_0)
FN:18,(anonymous_1)
FN:22,(anonymous_2)
FN:27,(anonymous_3)
FN:35,(anonymous_4)
FNF:5
FNH:2
FNDA:1,(anonymous_0)
FNDA:0,(anonymous_1)
FNDA:0,(anonymous_2)
FNDA:1,(anonymous_3)
FNDA:0,(anonymous_4)
DA:11,1
DA:18,1
DA:19,0
DA:22,1
DA:23,0
DA:24,0
DA:27,1
DA:28,1
DA:30,1
DA:31,5
DA:35,0
DA:42,1
DA:45,1
DA:61,1
LF:14
LH:10
BRDA:34,0,0,1
BRDA:34,0,1,4
BRF:2
BRH:2
end_of_record
TN:
SF:src\components\SearchInput.tsx
FN:8,(anonymous_0)
FN:11,(anonymous_1)
FN:12,(anonymous_2)
FNF:3
FNH:2
FNDA:1,(anonymous_0)
FNDA:0,(anonymous_1)
FNDA:1,(anonymous_2)
DA:8,1
DA:9,1
DA:11,0
DA:12,1
DA:19,1
LF:5
LH:4
BRF:0
BRH:0
end_of_record
TN:
SF:src\pages\NotFound.tsx
FN:4,(anonymous_0)
FNF:1
FNH:1
FNDA:2,(anonymous_0)
DA:2,1
DA:4,1
DA:5,2
DA:13,1
LF:4
LH:4
BRF:0
BRH:0
end_of_record
